{
  "RSpec": {
    "coverage": {
      "/home/dsg/Documents/Projects/vici/lib/required.rb": {
        "lines": [
          1,
          1,
          1,
          1
        ]
      },
      "/home/dsg/Documents/Projects/vici/lib/ruby_extensions.rb": {
        "lines": [
          1,
          1,
          200,
          null,
          null,
          1,
          132,
          null,
          null,
          null,
          1,
          1,
          8,
          null,
          null
        ]
      },
      "/home/dsg/Documents/Projects/vici/lib/constants.rb": {
        "lines": [
          1,
          1,
          1,
          1
        ]
      },
      "/home/dsg/Documents/Projects/vici/lib/validations.rb": {
        "lines": [
          1,
          1,
          37,
          36,
          null,
          31,
          31,
          31,
          null,
          null,
          1,
          33,
          32,
          null,
          31,
          31,
          31,
          null,
          null,
          1,
          27,
          27,
          null,
          null,
          1,
          28,
          null,
          null,
          1,
          4,
          null,
          null
        ]
      },
      "/home/dsg/Documents/Projects/vici/lib/vici.rb": {
        "lines": [
          1,
          1,
          null,
          1,
          null,
          1,
          36,
          null,
          null,
          1,
          25,
          22,
          22,
          null,
          3,
          null,
          null,
          null,
          1,
          11,
          null,
          8,
          null,
          null,
          1,
          6,
          null,
          6,
          null,
          2,
          null,
          2,
          null,
          1,
          null,
          1,
          null,
          null,
          null,
          1,
          6,
          null,
          6,
          null,
          2,
          null,
          2,
          null,
          1,
          null,
          1,
          null,
          null,
          null,
          1,
          2,
          null,
          null,
          1,
          null,
          1,
          2,
          1,
          1,
          null,
          1,
          null,
          null,
          null,
          1,
          2,
          1,
          1,
          null,
          1,
          null,
          null,
          null,
          1,
          2,
          1,
          1,
          null,
          1,
          null,
          null,
          null,
          1,
          2,
          1,
          1,
          null,
          1,
          null,
          null,
          null
        ]
      },
      "/home/dsg/Documents/Projects/vici/spec/lib/constants_spec.rb": {
        "lines": [
          1,
          1,
          1,
          1,
          null,
          null,
          1,
          1,
          null,
          null,
          1,
          1,
          null,
          null,
          1,
          1,
          null,
          null,
          null
        ]
      },
      "/home/dsg/Documents/Projects/vici/spec/lib/validations_spec.rb": {
        "lines": [
          1,
          1,
          28,
          null,
          1,
          2,
          null,
          2,
          2,
          2,
          null,
          null,
          2,
          2,
          null,
          null,
          2,
          2,
          null,
          null,
          2,
          2,
          null,
          null,
          2,
          2,
          2,
          null,
          null,
          2,
          2,
          null,
          null,
          2,
          2,
          2,
          2,
          null,
          null,
          null,
          null,
          1,
          1,
          1,
          null,
          null,
          1,
          1,
          null,
          null,
          1,
          1,
          1,
          null,
          null,
          1,
          1,
          1,
          null,
          null,
          1,
          1,
          null,
          null,
          null,
          1,
          1,
          1,
          1,
          null,
          null,
          1,
          1,
          1,
          null,
          null,
          1,
          1,
          1,
          1,
          null,
          null,
          1,
          1,
          1,
          1,
          null,
          null,
          null,
          1,
          1,
          1,
          1,
          null,
          null,
          1,
          1,
          1,
          null,
          null,
          1,
          1,
          1,
          1,
          null,
          null,
          1,
          1,
          1,
          1,
          null,
          null,
          null,
          null
        ]
      },
      "/home/dsg/Documents/Projects/vici/spec/lib/vici_shell_spec.rb": {
        "lines": [

        ]
      },
      "/home/dsg/Documents/Projects/vici/spec/lib/vici_spec.rb": {
        "lines": [
          1,
          20,
          null,
          1,
          1,
          1,
          null,
          null,
          1,
          1,
          1,
          null,
          null,
          1,
          1,
          1,
          null,
          null,
          null,
          1,
          7,
          null,
          1,
          1,
          1,
          null,
          null,
          1,
          1,
          1,
          null,
          null,
          1,
          1,
          1,
          1,
          null,
          null,
          1,
          1,
          null,
          null,
          1,
          1,
          1,
          1,
          null,
          null,
          1,
          1,
          1,
          null,
          null,
          null,
          1,
          10,
          null,
          1,
          1,
          1,
          1,
          1,
          null,
          2,
          2,
          2,
          null,
          null,
          1,
          1,
          1,
          1,
          2,
          null,
          null,
          1,
          1,
          2,
          null,
          null,
          null,
          1,
          1,
          1,
          2,
          null,
          null,
          1,
          1,
          2,
          null,
          null,
          null,
          1,
          1,
          1,
          2,
          null,
          null,
          1,
          1,
          2,
          null,
          null,
          null,
          1,
          1,
          1,
          2,
          null,
          null,
          1,
          1,
          2,
          null,
          null,
          null,
          null,
          null,
          1,
          1,
          1,
          2,
          2,
          null,
          null,
          1,
          1,
          1,
          1,
          null,
          null,
          1,
          1,
          1,
          1,
          null,
          null,
          1,
          1,
          1,
          1,
          null,
          null,
          1,
          1,
          1,
          1,
          null,
          null,
          null,
          1,
          1,
          1,
          2,
          2,
          null,
          null,
          1,
          1,
          1,
          1,
          null,
          null,
          1,
          1,
          1,
          1,
          null,
          null,
          1,
          1,
          1,
          1,
          null,
          null,
          1,
          1,
          1,
          1,
          null,
          null,
          null,
          1,
          1,
          1,
          1,
          null,
          null,
          1,
          1,
          1,
          1,
          null,
          null,
          null
        ]
      }
    },
    "timestamp": 1583673891
  }
}
